<?xml version="1.0" encoding="UTF-8" standalone="no"?>
<testsuite failures="3" name="cucumber.runtime.formatter.JUnitFormatter" skipped="0" tests="10" time="158.622554">
<testcase classname="Create new asset" name="Create new asset - verify list" time="18.032839">
<system-out><![CDATA[Given the user is on the login page.........................................passed
When the user logins with account...........................................passed
And the user navigates to the "Manage Asset" page...........................passed
And the user clicks Create New Asset button.................................passed
And the user creates a new asset............................................passed
Then the user should see the asset in the list..............................passed
]]></system-out>
</testcase>
<testcase classname="Create new asset" name="Create new asset - verify detail" time="16.678228">
<system-out><![CDATA[Given the user is on the login page.........................................passed
When the user logins with account...........................................passed
And the user navigates to the "Manage Asset" page...........................passed
And the user clicks Create New Asset button.................................passed
And the user creates a new asset............................................passed
And the user clicks edit button.............................................passed
Then the user should see the asset detail...................................passed
]]></system-out>
</testcase>
<testcase classname="Create new assignment" name="Create new assignment - verify list" time="20.867073">
<failure message="java.lang.AssertionError: &#13;&#10;Expecting:&#13;&#10; &lt;&quot;Laptop14Jul04062418410802494391824818&quot;&gt;&#13;&#10;to be equal to:&#13;&#10; &lt;&quot;Laptop12Aug0647539432208378587453747&quot;&gt;&#13;&#10;but was not.&#13;&#10;&#9;at com.oam.stepdefs.admin.ManageAssignmentSteps.lambda$new$1(ManageAssignmentSteps.java:31)&#13;&#10;&#9;at ✽.the user should see the assignment in the list(file:src/test/resources/features/CreateNewAssignment.feature:19)&#13;&#10;"><![CDATA[Given the user is on the login page.........................................passed
When the user logins with account...........................................passed
And the user navigates to the "Manage Asset" page...........................passed
And the user clicks Create New Asset button.................................passed
And the user creates a new asset............................................passed
And the user navigates to the "Manage Assignment" page......................passed
And the user clicks Create New Assignment button............................passed
And the user creates assignment.............................................passed
Then the user should see the assignment in the list.........................failed

StackTrace:
java.lang.AssertionError: 
Expecting:
 <"Laptop14Jul04062418410802494391824818">
to be equal to:
 <"Laptop12Aug0647539432208378587453747">
but was not.
	at com.oam.stepdefs.admin.ManageAssignmentSteps.lambda$new$1(ManageAssignmentSteps.java:31)
	at ✽.the user should see the assignment in the list(file:src/test/resources/features/CreateNewAssignment.feature:19)
]]></failure>
</testcase>
<testcase classname="Login" name="Login with valid admin account" time="11.772469">
<system-out><![CDATA[Given the user is on the login page.........................................passed
When the user logins with account...........................................passed
Then the user should see the "Home" page....................................passed
]]></system-out>
</testcase>
<testcase classname="Login" name="Login with valid user account" time="11.740758">
<system-out><![CDATA[Given the user is on the login page.........................................passed
When the user logins with account...........................................passed
Then the user should see the "Home" page....................................passed
]]></system-out>
</testcase>
<testcase classname="Login" name="Login with invalid admin account" time="11.793671">
<system-out><![CDATA[Given the user is on the login page.........................................passed
When the user logins with account...........................................passed
Then the user should see the error message "Username or password is incorrect. Please try again".passed
]]></system-out>
</testcase>
<testcase classname="Login" name="Logout of admin account" time="10.138986">
<system-out><![CDATA[Given the user is on the login page.........................................passed
When the user logins with account...........................................passed
And the user logs out.......................................................passed
Then the user should see the "Login" page...................................passed
]]></system-out>
</testcase>
<testcase classname="Login" name="Logout of user account" time="10.13246">
<system-out><![CDATA[Given the user is on the login page.........................................passed
When the user logins with account...........................................passed
And the user logs out.......................................................passed
Then the user should see the "Login" page...................................passed
]]></system-out>
</testcase>
<testcase classname="Request For Returning" name="Return asset - Accept request - State changed to Completed" time="25.388928">
<failure message="org.openqa.selenium.ElementClickInterceptedException: element click intercepted: Element &lt;button type=&quot;button&quot; class=&quot;ml-1 btn btn-light&quot;&gt;...&lt;/button&gt; is not clickable at point (1195, 691). Other element would receive the click: &lt;div class=&quot;Toastify__toast-container Toastify__toast-container--bottom-right&quot;&gt;...&lt;/div&gt;&#10;  (Session info: MicrosoftEdge=104.0.1293.47)&#10;Build info: version: '3.141.59', revision: 'e82be7d358', time: '2018-11-14T08:17:03'&#10;System info: host: 'DESKTOP-V1F92J5', ip: '192.168.1.7', os.name: 'Windows 10', os.arch: 'amd64', os.version: '10.0', java.version: '1.8.0_333'&#10;Driver info: org.openqa.selenium.edge.EdgeDriver&#10;Capabilities {acceptInsecureCerts: true, browserName: msedge, browserVersion: 104.0.1293.47, javascriptEnabled: true, ms:edgeOptions: {debuggerAddress: localhost:61371}, msedge: {msedgedriverVersion: 104.0.1293.54 (cf00dc8720d8..., userDataDir: C:\Users\haryk\AppData\Loca...}, networkConnectionEnabled: false, pageLoadStrategy: normal, platform: WINDOWS, platformName: WINDOWS, proxy: Proxy(), setWindowRect: true, strictFileInteractability: false, timeouts: {implicit: 0, pageLoad: 300000, script: 30000}, unhandledPromptBehavior: dismiss and notify, webauthn:extension:credBlob: true, webauthn:extension:largeBlob: true, webauthn:virtualAuthenticators: true}&#10;Session ID: 9cd6db699e3c51cd0c5df3c8ea926061&#13;&#10;&#9;at sun.reflect.NativeConstructorAccessorImpl.newInstance0(Native Method)&#13;&#10;&#9;at sun.reflect.NativeConstructorAccessorImpl.newInstance(NativeConstructorAccessorImpl.java:62)&#13;&#10;&#9;at sun.reflect.DelegatingConstructorAccessorImpl.newInstance(DelegatingConstructorAccessorImpl.java:45)&#13;&#10;&#9;at java.lang.reflect.Constructor.newInstance(Constructor.java:423)&#13;&#10;&#9;at org.openqa.selenium.remote.http.W3CHttpResponseCodec.createException(W3CHttpResponseCodec.java:187)&#13;&#10;&#9;at org.openqa.selenium.remote.http.W3CHttpResponseCodec.decode(W3CHttpResponseCodec.java:122)&#13;&#10;&#9;at org.openqa.selenium.remote.http.W3CHttpResponseCodec.decode(W3CHttpResponseCodec.java:49)&#13;&#10;&#9;at org.openqa.selenium.remote.HttpCommandExecutor.execute(HttpCommandExecutor.java:158)&#13;&#10;&#9;at org.openqa.selenium.remote.service.DriverCommandExecutor.execute(DriverCommandExecutor.java:83)&#13;&#10;&#9;at org.openqa.selenium.remote.RemoteWebDriver.execute(RemoteWebDriver.java:552)&#13;&#10;&#9;at org.openqa.selenium.remote.RemoteWebElement.execute(RemoteWebElement.java:285)&#13;&#10;&#9;at org.openqa.selenium.remote.RemoteWebElement.click(RemoteWebElement.java:84)&#13;&#10;&#9;at com.oam.pages.BasePage.clickElement(BasePage.java:54)&#13;&#10;&#9;at com.oam.pages.BasePage.clickElement(BasePage.java:45)&#13;&#10;&#9;at com.oam.pages.BasePage.clickElement(BasePage.java:33)&#13;&#10;&#9;at com.oam.pages.shared.HomePage.clickAssetBtn(HomePage.java:23)&#13;&#10;&#9;at com.oam.stepdefs.shared.HomeSteps.lambda$new$0(HomeSteps.java:19)&#13;&#10;&#9;at ✽.the user clicks the &quot;accept&quot; button(file:src/test/resources/features/RequestForReturning.feature:24)&#13;&#10;"><![CDATA[Given the user is on the login page.........................................passed
When the user logins with account...........................................passed
And the user navigates to the "Manage Asset" page...........................passed
And the user clicks Create New Asset button.................................passed
And the user creates a new asset............................................passed
And the user navigates to the "Manage Assignment" page......................passed
And the user clicks Create New Assignment button............................passed
And the user creates assignment.............................................passed
And the user logs out.......................................................passed
When the user logins with account...........................................passed
And the user clicks sort by asset name......................................passed
And the user clicks the "accept" button.....................................failed
And the user clicks "Accept" button from the pop up to accept...............skipped
And the user clicks the "return" button.....................................skipped
And the user clicks "Yes" button from the pop up to accept..................skipped
And the user logs out.......................................................skipped
When the user logins with account...........................................skipped
And the user navigates to the "Request for Returning" page..................skipped
And the user clicks the "accept" button.....................................skipped
And the user clicks "Yes" button from the pop up to accept..................skipped
Then the user should see request state as "Completed".......................skipped

StackTrace:
org.openqa.selenium.ElementClickInterceptedException: element click intercepted: Element <button type="button" class="ml-1 btn btn-light">...</button> is not clickable at point (1195, 691). Other element would receive the click: <div class="Toastify__toast-container Toastify__toast-container--bottom-right">...</div>
  (Session info: MicrosoftEdge=104.0.1293.47)
Build info: version: '3.141.59', revision: 'e82be7d358', time: '2018-11-14T08:17:03'
System info: host: 'DESKTOP-V1F92J5', ip: '192.168.1.7', os.name: 'Windows 10', os.arch: 'amd64', os.version: '10.0', java.version: '1.8.0_333'
Driver info: org.openqa.selenium.edge.EdgeDriver
Capabilities {acceptInsecureCerts: true, browserName: msedge, browserVersion: 104.0.1293.47, javascriptEnabled: true, ms:edgeOptions: {debuggerAddress: localhost:61371}, msedge: {msedgedriverVersion: 104.0.1293.54 (cf00dc8720d8..., userDataDir: C:\Users\haryk\AppData\Loca...}, networkConnectionEnabled: false, pageLoadStrategy: normal, platform: WINDOWS, platformName: WINDOWS, proxy: Proxy(), setWindowRect: true, strictFileInteractability: false, timeouts: {implicit: 0, pageLoad: 300000, script: 30000}, unhandledPromptBehavior: dismiss and notify, webauthn:extension:credBlob: true, webauthn:extension:largeBlob: true, webauthn:virtualAuthenticators: true}
Session ID: 9cd6db699e3c51cd0c5df3c8ea926061
	at sun.reflect.NativeConstructorAccessorImpl.newInstance0(Native Method)
	at sun.reflect.NativeConstructorAccessorImpl.newInstance(NativeConstructorAccessorImpl.java:62)
	at sun.reflect.DelegatingConstructorAccessorImpl.newInstance(DelegatingConstructorAccessorImpl.java:45)
	at java.lang.reflect.Constructor.newInstance(Constructor.java:423)
	at org.openqa.selenium.remote.http.W3CHttpResponseCodec.createException(W3CHttpResponseCodec.java:187)
	at org.openqa.selenium.remote.http.W3CHttpResponseCodec.decode(W3CHttpResponseCodec.java:122)
	at org.openqa.selenium.remote.http.W3CHttpResponseCodec.decode(W3CHttpResponseCodec.java:49)
	at org.openqa.selenium.remote.HttpCommandExecutor.execute(HttpCommandExecutor.java:158)
	at org.openqa.selenium.remote.service.DriverCommandExecutor.execute(DriverCommandExecutor.java:83)
	at org.openqa.selenium.remote.RemoteWebDriver.execute(RemoteWebDriver.java:552)
	at org.openqa.selenium.remote.RemoteWebElement.execute(RemoteWebElement.java:285)
	at org.openqa.selenium.remote.RemoteWebElement.click(RemoteWebElement.java:84)
	at com.oam.pages.BasePage.clickElement(BasePage.java:54)
	at com.oam.pages.BasePage.clickElement(BasePage.java:45)
	at com.oam.pages.BasePage.clickElement(BasePage.java:33)
	at com.oam.pages.shared.HomePage.clickAssetBtn(HomePage.java:23)
	at com.oam.stepdefs.shared.HomeSteps.lambda$new$0(HomeSteps.java:19)
	at ✽.the user clicks the "accept" button(file:src/test/resources/features/RequestForReturning.feature:24)
]]></failure>
</testcase>
<testcase classname="Request For Returning" name="Return asset - Deny request - Request is removed from the list" time="22.077142">
<failure message="org.openqa.selenium.ElementClickInterceptedException: element click intercepted: Element &lt;button type=&quot;button&quot; class=&quot;ml-1 btn btn-light&quot;&gt;...&lt;/button&gt; is not clickable at point (1195, 691). Other element would receive the click: &lt;div class=&quot;Toastify__toast-container Toastify__toast-container--bottom-right&quot;&gt;...&lt;/div&gt;&#10;  (Session info: MicrosoftEdge=104.0.1293.47)&#10;Build info: version: '3.141.59', revision: 'e82be7d358', time: '2018-11-14T08:17:03'&#10;System info: host: 'DESKTOP-V1F92J5', ip: '192.168.1.7', os.name: 'Windows 10', os.arch: 'amd64', os.version: '10.0', java.version: '1.8.0_333'&#10;Driver info: org.openqa.selenium.edge.EdgeDriver&#10;Capabilities {acceptInsecureCerts: true, browserName: msedge, browserVersion: 104.0.1293.47, javascriptEnabled: true, ms:edgeOptions: {debuggerAddress: localhost:61444}, msedge: {msedgedriverVersion: 104.0.1293.54 (cf00dc8720d8..., userDataDir: C:\Users\haryk\AppData\Loca...}, networkConnectionEnabled: false, pageLoadStrategy: normal, platform: WINDOWS, platformName: WINDOWS, proxy: Proxy(), setWindowRect: true, strictFileInteractability: false, timeouts: {implicit: 0, pageLoad: 300000, script: 30000}, unhandledPromptBehavior: dismiss and notify, webauthn:extension:credBlob: true, webauthn:extension:largeBlob: true, webauthn:virtualAuthenticators: true}&#10;Session ID: 803c61476daf08c7c60ddfafefe60dc3&#13;&#10;&#9;at sun.reflect.NativeConstructorAccessorImpl.newInstance0(Native Method)&#13;&#10;&#9;at sun.reflect.NativeConstructorAccessorImpl.newInstance(NativeConstructorAccessorImpl.java:62)&#13;&#10;&#9;at sun.reflect.DelegatingConstructorAccessorImpl.newInstance(DelegatingConstructorAccessorImpl.java:45)&#13;&#10;&#9;at java.lang.reflect.Constructor.newInstance(Constructor.java:423)&#13;&#10;&#9;at org.openqa.selenium.remote.http.W3CHttpResponseCodec.createException(W3CHttpResponseCodec.java:187)&#13;&#10;&#9;at org.openqa.selenium.remote.http.W3CHttpResponseCodec.decode(W3CHttpResponseCodec.java:122)&#13;&#10;&#9;at org.openqa.selenium.remote.http.W3CHttpResponseCodec.decode(W3CHttpResponseCodec.java:49)&#13;&#10;&#9;at org.openqa.selenium.remote.HttpCommandExecutor.execute(HttpCommandExecutor.java:158)&#13;&#10;&#9;at org.openqa.selenium.remote.service.DriverCommandExecutor.execute(DriverCommandExecutor.java:83)&#13;&#10;&#9;at org.openqa.selenium.remote.RemoteWebDriver.execute(RemoteWebDriver.java:552)&#13;&#10;&#9;at org.openqa.selenium.remote.RemoteWebElement.execute(RemoteWebElement.java:285)&#13;&#10;&#9;at org.openqa.selenium.remote.RemoteWebElement.click(RemoteWebElement.java:84)&#13;&#10;&#9;at com.oam.pages.BasePage.clickElement(BasePage.java:54)&#13;&#10;&#9;at com.oam.pages.BasePage.clickElement(BasePage.java:45)&#13;&#10;&#9;at com.oam.pages.BasePage.clickElement(BasePage.java:33)&#13;&#10;&#9;at com.oam.pages.shared.HomePage.clickAssetBtn(HomePage.java:23)&#13;&#10;&#9;at com.oam.stepdefs.shared.HomeSteps.lambda$new$0(HomeSteps.java:19)&#13;&#10;&#9;at ✽.the user clicks the &quot;accept&quot; button(file:src/test/resources/features/RequestForReturning.feature:58)&#13;&#10;"><![CDATA[Given the user is on the login page.........................................passed
When the user logins with account...........................................passed
And the user navigates to the "Manage Asset" page...........................passed
And the user clicks Create New Asset button.................................passed
And the user creates a new asset............................................passed
And the user navigates to the "Manage Assignment" page......................passed
And the user clicks Create New Assignment button............................passed
And the user creates assignment.............................................passed
And the user logs out.......................................................passed
When the user logins with account...........................................passed
And the user clicks sort by asset name......................................passed
And the user clicks the "accept" button.....................................failed
And the user clicks "Accept" button from the pop up to accept...............skipped
And the user clicks the "return" button.....................................skipped
And the user clicks "Yes" button from the pop up to accept..................skipped
And the user logs out.......................................................skipped
When the user logins with account...........................................skipped
And the user navigates to the "Request for Returning" page..................skipped
And the user clicks the "deny" button.......................................skipped
And the user clicks "Yes" button from the pop up to accept..................skipped
Then the user should not see the request....................................skipped

StackTrace:
org.openqa.selenium.ElementClickInterceptedException: element click intercepted: Element <button type="button" class="ml-1 btn btn-light">...</button> is not clickable at point (1195, 691). Other element would receive the click: <div class="Toastify__toast-container Toastify__toast-container--bottom-right">...</div>
  (Session info: MicrosoftEdge=104.0.1293.47)
Build info: version: '3.141.59', revision: 'e82be7d358', time: '2018-11-14T08:17:03'
System info: host: 'DESKTOP-V1F92J5', ip: '192.168.1.7', os.name: 'Windows 10', os.arch: 'amd64', os.version: '10.0', java.version: '1.8.0_333'
Driver info: org.openqa.selenium.edge.EdgeDriver
Capabilities {acceptInsecureCerts: true, browserName: msedge, browserVersion: 104.0.1293.47, javascriptEnabled: true, ms:edgeOptions: {debuggerAddress: localhost:61444}, msedge: {msedgedriverVersion: 104.0.1293.54 (cf00dc8720d8..., userDataDir: C:\Users\haryk\AppData\Loca...}, networkConnectionEnabled: false, pageLoadStrategy: normal, platform: WINDOWS, platformName: WINDOWS, proxy: Proxy(), setWindowRect: true, strictFileInteractability: false, timeouts: {implicit: 0, pageLoad: 300000, script: 30000}, unhandledPromptBehavior: dismiss and notify, webauthn:extension:credBlob: true, webauthn:extension:largeBlob: true, webauthn:virtualAuthenticators: true}
Session ID: 803c61476daf08c7c60ddfafefe60dc3
	at sun.reflect.NativeConstructorAccessorImpl.newInstance0(Native Method)
	at sun.reflect.NativeConstructorAccessorImpl.newInstance(NativeConstructorAccessorImpl.java:62)
	at sun.reflect.DelegatingConstructorAccessorImpl.newInstance(DelegatingConstructorAccessorImpl.java:45)
	at java.lang.reflect.Constructor.newInstance(Constructor.java:423)
	at org.openqa.selenium.remote.http.W3CHttpResponseCodec.createException(W3CHttpResponseCodec.java:187)
	at org.openqa.selenium.remote.http.W3CHttpResponseCodec.decode(W3CHttpResponseCodec.java:122)
	at org.openqa.selenium.remote.http.W3CHttpResponseCodec.decode(W3CHttpResponseCodec.java:49)
	at org.openqa.selenium.remote.HttpCommandExecutor.execute(HttpCommandExecutor.java:158)
	at org.openqa.selenium.remote.service.DriverCommandExecutor.execute(DriverCommandExecutor.java:83)
	at org.openqa.selenium.remote.RemoteWebDriver.execute(RemoteWebDriver.java:552)
	at org.openqa.selenium.remote.RemoteWebElement.execute(RemoteWebElement.java:285)
	at org.openqa.selenium.remote.RemoteWebElement.click(RemoteWebElement.java:84)
	at com.oam.pages.BasePage.clickElement(BasePage.java:54)
	at com.oam.pages.BasePage.clickElement(BasePage.java:45)
	at com.oam.pages.BasePage.clickElement(BasePage.java:33)
	at com.oam.pages.shared.HomePage.clickAssetBtn(HomePage.java:23)
	at com.oam.stepdefs.shared.HomeSteps.lambda$new$0(HomeSteps.java:19)
	at ✽.the user clicks the "accept" button(file:src/test/resources/features/RequestForReturning.feature:58)
]]></failure>
</testcase>
</testsuite>
