<?xml version="1.0" encoding="UTF-8" standalone="no"?>
<testng-results failed="3" passed="7" skipped="0" total="10">
<suite duration-ms="158614" name="cucumber.runtime.formatter.TestNGFormatter">
<test duration-ms="158614" name="cucumber.runtime.formatter.TestNGFormatter">
<class name="Create new asset">
<test-method duration-ms="18031" finished-at="2022-08-12T18:49:44Z" name="Create new asset - verify list" started-at="2022-08-12T18:49:44Z" status="PASS"/>
<test-method duration-ms="16678" finished-at="2022-08-12T18:49:44Z" name="Create new asset - verify detail" started-at="2022-08-12T18:49:44Z" status="PASS"/>
</class>
<class name="Create new assignment">
<test-method duration-ms="20866" finished-at="2022-08-12T18:49:44Z" name="Create new assignment - verify list" started-at="2022-08-12T18:49:44Z" status="FAIL">
<exception class="java.lang.AssertionError">
<message><![CDATA[Given the user is on the login page.........................................passed
When the user logins with account...........................................passed
And the user navigates to the "Manage Asset" page...........................passed
And the user clicks Create New Asset button.................................passed
And the user creates a new asset............................................passed
And the user navigates to the "Manage Assignment" page......................passed
And the user clicks Create New Assignment button............................passed
And the user creates assignment.............................................passed
Then the user should see the assignment in the list.........................failed
]]></message>
<full-stacktrace><![CDATA[java.lang.AssertionError: 
Expecting:
 <"Laptop14Jul04062418410802494391824818">
to be equal to:
 <"Laptop12Aug0647539432208378587453747">
but was not.
	at com.oam.stepdefs.admin.ManageAssignmentSteps.lambda$new$1(ManageAssignmentSteps.java:31)
	at ✽.the user should see the assignment in the list(file:src/test/resources/features/CreateNewAssignment.feature:19)
]]></full-stacktrace>
</exception>
</test-method>
</class>
<class name="Login">
<test-method duration-ms="11772" finished-at="2022-08-12T18:49:44Z" name="Login with valid admin account" started-at="2022-08-12T18:49:44Z" status="PASS"/>
<test-method duration-ms="11740" finished-at="2022-08-12T18:49:44Z" name="Login with valid user account" started-at="2022-08-12T18:49:44Z" status="PASS"/>
<test-method duration-ms="11793" finished-at="2022-08-12T18:49:44Z" name="Login with invalid admin account" started-at="2022-08-12T18:49:44Z" status="PASS"/>
</class>
<class name="Login">
<test-method duration-ms="10138" finished-at="2022-08-12T18:49:44Z" name="Logout of admin account" started-at="2022-08-12T18:49:44Z" status="PASS"/>
<test-method duration-ms="10132" finished-at="2022-08-12T18:49:44Z" name="Logout of user account" started-at="2022-08-12T18:49:44Z" status="PASS"/>
</class>
<class name="Request For Returning">
<test-method duration-ms="25388" finished-at="2022-08-12T18:49:44Z" name="Return asset - Accept request - State changed to Completed" started-at="2022-08-12T18:49:44Z" status="FAIL">
<exception class="org.openqa.selenium.ElementClickInterceptedException">
<message><![CDATA[Given the user is on the login page.........................................passed
When the user logins with account...........................................passed
And the user navigates to the "Manage Asset" page...........................passed
And the user clicks Create New Asset button.................................passed
And the user creates a new asset............................................passed
And the user navigates to the "Manage Assignment" page......................passed
And the user clicks Create New Assignment button............................passed
And the user creates assignment.............................................passed
And the user logs out.......................................................passed
When the user logins with account...........................................passed
And the user clicks sort by asset name......................................passed
And the user clicks the "accept" button.....................................failed
And the user clicks "Accept" button from the pop up to accept...............skipped
And the user clicks the "return" button.....................................skipped
And the user clicks "Yes" button from the pop up to accept..................skipped
And the user logs out.......................................................skipped
When the user logins with account...........................................skipped
And the user navigates to the "Request for Returning" page..................skipped
And the user clicks the "accept" button.....................................skipped
And the user clicks "Yes" button from the pop up to accept..................skipped
Then the user should see request state as "Completed".......................skipped
]]></message>
<full-stacktrace><![CDATA[org.openqa.selenium.ElementClickInterceptedException: element click intercepted: Element <button type="button" class="ml-1 btn btn-light">...</button> is not clickable at point (1195, 691). Other element would receive the click: <div class="Toastify__toast-container Toastify__toast-container--bottom-right">...</div>
  (Session info: MicrosoftEdge=104.0.1293.47)
Build info: version: '3.141.59', revision: 'e82be7d358', time: '2018-11-14T08:17:03'
System info: host: 'DESKTOP-V1F92J5', ip: '192.168.1.7', os.name: 'Windows 10', os.arch: 'amd64', os.version: '10.0', java.version: '1.8.0_333'
Driver info: org.openqa.selenium.edge.EdgeDriver
Capabilities {acceptInsecureCerts: true, browserName: msedge, browserVersion: 104.0.1293.47, javascriptEnabled: true, ms:edgeOptions: {debuggerAddress: localhost:61371}, msedge: {msedgedriverVersion: 104.0.1293.54 (cf00dc8720d8..., userDataDir: C:\Users\haryk\AppData\Loca...}, networkConnectionEnabled: false, pageLoadStrategy: normal, platform: WINDOWS, platformName: WINDOWS, proxy: Proxy(), setWindowRect: true, strictFileInteractability: false, timeouts: {implicit: 0, pageLoad: 300000, script: 30000}, unhandledPromptBehavior: dismiss and notify, webauthn:extension:credBlob: true, webauthn:extension:largeBlob: true, webauthn:virtualAuthenticators: true}
Session ID: 9cd6db699e3c51cd0c5df3c8ea926061
	at sun.reflect.NativeConstructorAccessorImpl.newInstance0(Native Method)
	at sun.reflect.NativeConstructorAccessorImpl.newInstance(NativeConstructorAccessorImpl.java:62)
	at sun.reflect.DelegatingConstructorAccessorImpl.newInstance(DelegatingConstructorAccessorImpl.java:45)
	at java.lang.reflect.Constructor.newInstance(Constructor.java:423)
	at org.openqa.selenium.remote.http.W3CHttpResponseCodec.createException(W3CHttpResponseCodec.java:187)
	at org.openqa.selenium.remote.http.W3CHttpResponseCodec.decode(W3CHttpResponseCodec.java:122)
	at org.openqa.selenium.remote.http.W3CHttpResponseCodec.decode(W3CHttpResponseCodec.java:49)
	at org.openqa.selenium.remote.HttpCommandExecutor.execute(HttpCommandExecutor.java:158)
	at org.openqa.selenium.remote.service.DriverCommandExecutor.execute(DriverCommandExecutor.java:83)
	at org.openqa.selenium.remote.RemoteWebDriver.execute(RemoteWebDriver.java:552)
	at org.openqa.selenium.remote.RemoteWebElement.execute(RemoteWebElement.java:285)
	at org.openqa.selenium.remote.RemoteWebElement.click(RemoteWebElement.java:84)
	at com.oam.pages.BasePage.clickElement(BasePage.java:54)
	at com.oam.pages.BasePage.clickElement(BasePage.java:45)
	at com.oam.pages.BasePage.clickElement(BasePage.java:33)
	at com.oam.pages.shared.HomePage.clickAssetBtn(HomePage.java:23)
	at com.oam.stepdefs.shared.HomeSteps.lambda$new$0(HomeSteps.java:19)
	at ✽.the user clicks the "accept" button(file:src/test/resources/features/RequestForReturning.feature:24)
]]></full-stacktrace>
</exception>
</test-method>
<test-method duration-ms="22076" finished-at="2022-08-12T18:49:44Z" name="Return asset - Deny request - Request is removed from the list" started-at="2022-08-12T18:49:44Z" status="FAIL">
<exception class="org.openqa.selenium.ElementClickInterceptedException">
<message><![CDATA[Given the user is on the login page.........................................passed
When the user logins with account...........................................passed
And the user navigates to the "Manage Asset" page...........................passed
And the user clicks Create New Asset button.................................passed
And the user creates a new asset............................................passed
And the user navigates to the "Manage Assignment" page......................passed
And the user clicks Create New Assignment button............................passed
And the user creates assignment.............................................passed
And the user logs out.......................................................passed
When the user logins with account...........................................passed
And the user clicks sort by asset name......................................passed
And the user clicks the "accept" button.....................................failed
And the user clicks "Accept" button from the pop up to accept...............skipped
And the user clicks the "return" button.....................................skipped
And the user clicks "Yes" button from the pop up to accept..................skipped
And the user logs out.......................................................skipped
When the user logins with account...........................................skipped
And the user navigates to the "Request for Returning" page..................skipped
And the user clicks the "deny" button.......................................skipped
And the user clicks "Yes" button from the pop up to accept..................skipped
Then the user should not see the request....................................skipped
]]></message>
<full-stacktrace><![CDATA[org.openqa.selenium.ElementClickInterceptedException: element click intercepted: Element <button type="button" class="ml-1 btn btn-light">...</button> is not clickable at point (1195, 691). Other element would receive the click: <div class="Toastify__toast-container Toastify__toast-container--bottom-right">...</div>
  (Session info: MicrosoftEdge=104.0.1293.47)
Build info: version: '3.141.59', revision: 'e82be7d358', time: '2018-11-14T08:17:03'
System info: host: 'DESKTOP-V1F92J5', ip: '192.168.1.7', os.name: 'Windows 10', os.arch: 'amd64', os.version: '10.0', java.version: '1.8.0_333'
Driver info: org.openqa.selenium.edge.EdgeDriver
Capabilities {acceptInsecureCerts: true, browserName: msedge, browserVersion: 104.0.1293.47, javascriptEnabled: true, ms:edgeOptions: {debuggerAddress: localhost:61444}, msedge: {msedgedriverVersion: 104.0.1293.54 (cf00dc8720d8..., userDataDir: C:\Users\haryk\AppData\Loca...}, networkConnectionEnabled: false, pageLoadStrategy: normal, platform: WINDOWS, platformName: WINDOWS, proxy: Proxy(), setWindowRect: true, strictFileInteractability: false, timeouts: {implicit: 0, pageLoad: 300000, script: 30000}, unhandledPromptBehavior: dismiss and notify, webauthn:extension:credBlob: true, webauthn:extension:largeBlob: true, webauthn:virtualAuthenticators: true}
Session ID: 803c61476daf08c7c60ddfafefe60dc3
	at sun.reflect.NativeConstructorAccessorImpl.newInstance0(Native Method)
	at sun.reflect.NativeConstructorAccessorImpl.newInstance(NativeConstructorAccessorImpl.java:62)
	at sun.reflect.DelegatingConstructorAccessorImpl.newInstance(DelegatingConstructorAccessorImpl.java:45)
	at java.lang.reflect.Constructor.newInstance(Constructor.java:423)
	at org.openqa.selenium.remote.http.W3CHttpResponseCodec.createException(W3CHttpResponseCodec.java:187)
	at org.openqa.selenium.remote.http.W3CHttpResponseCodec.decode(W3CHttpResponseCodec.java:122)
	at org.openqa.selenium.remote.http.W3CHttpResponseCodec.decode(W3CHttpResponseCodec.java:49)
	at org.openqa.selenium.remote.HttpCommandExecutor.execute(HttpCommandExecutor.java:158)
	at org.openqa.selenium.remote.service.DriverCommandExecutor.execute(DriverCommandExecutor.java:83)
	at org.openqa.selenium.remote.RemoteWebDriver.execute(RemoteWebDriver.java:552)
	at org.openqa.selenium.remote.RemoteWebElement.execute(RemoteWebElement.java:285)
	at org.openqa.selenium.remote.RemoteWebElement.click(RemoteWebElement.java:84)
	at com.oam.pages.BasePage.clickElement(BasePage.java:54)
	at com.oam.pages.BasePage.clickElement(BasePage.java:45)
	at com.oam.pages.BasePage.clickElement(BasePage.java:33)
	at com.oam.pages.shared.HomePage.clickAssetBtn(HomePage.java:23)
	at com.oam.stepdefs.shared.HomeSteps.lambda$new$0(HomeSteps.java:19)
	at ✽.the user clicks the "accept" button(file:src/test/resources/features/RequestForReturning.feature:58)
]]></full-stacktrace>
</exception>
</test-method>
</class>
</test>
</suite>
</testng-results>
