<html>
<head>
<title>TestNG:  Surefire test</title>
<link href="../testng.css" rel="stylesheet" type="text/css" />
<link href="../my-testng.css" rel="stylesheet" type="text/css" />

<style type="text/css">
.log { display: none;} 
.stack-trace { display: none;} 
</style>
<script type="text/javascript">
<!--
function flip(e) {
  current = e.style.display;
  if (current == 'block') {
    e.style.display = 'none';
    return 0;
  }
  else {
    e.style.display = 'block';
    return 1;
  }
}

function toggleBox(szDivId, elem, msg1, msg2)
{
  var res = -1;  if (document.getElementById) {
    res = flip(document.getElementById(szDivId));
  }
  else if (document.all) {
    // this is the way old msie versions work
    res = flip(document.all[szDivId]);
  }
  if(elem) {
    if(res == 0) elem.innerHTML = msg1; else elem.innerHTML = msg2;
  }

}

function toggleAllBoxes() {
  if (document.getElementsByTagName) {
    d = document.getElementsByTagName('div');
    for (i = 0; i < d.length; i++) {
      if (d[i].className == 'log') {
        flip(d[i]);
      }
    }
  }
}

// -->
</script>

</head>
<body>
<h2 align='center'>Surefire test</h2><table border='1' align="center">
<tr>
<td>Tests passed/Failed/Skipped:</td><td>7/3/0</td>
</tr><tr>
<td>Started on:</td><td>Fri Aug 12 18:47:04 ICT 2022</td>
</tr>
<tr><td>Total time:</td><td>160 seconds (160323 ms)</td>
</tr><tr>
<td>Included groups:</td><td></td>
</tr><tr>
<td>Excluded groups:</td><td></td>
</tr>
</table><p/>
<small><i>(Hover the method name to see the test class name)</i></small><p/>
<table width='100%' border='1' class='invocation-failed'>
<tr><td colspan='4' align='center'><b>FAILED TESTS</b></td></tr>
<tr><td><b>Test method</b></td>
<td width="30%"><b>Exception</b></td>
<td width="10%"><b>Time (seconds)</b></td>
<td><b>Instance</b></td>
</tr>
<tr>
<td title='com.oam.configuration.CukesTestRunnerParallel.runScenario()'><b>runScenario</b><br>Test class: com.oam.configuration.CukesTestRunnerParallel<br>Test method: Runs Cucumber Scenarios<br>Parameters: "Create new assignment - verify list", "Create new assignment"</td>
<td><div><pre>java.lang.AssertionError: 
Expecting:
 &lt;&quot;Laptop14Jul04062418410802494391824818&quot;&gt;
to be equal to:
 &lt;&quot;Laptop12Aug0647539432208378587453747&quot;&gt;
but was not.
	at com.oam.stepdefs.admin.ManageAssignmentSteps.lambda$new$1(ManageAssignmentSteps.java:31)
	at ?.the user should see the assignment in the list(file:src/test/resources/features/CreateNewAssignment.feature:19)
</pre></div><a href='#' onClick='toggleBox("stack-trace1652797939", this, "Click to show all stack frames", "Click to hide stack frames")'>Click to show all stack frames</a>
<div class='stack-trace' id='stack-trace1652797939'><pre>java.lang.AssertionError: 
Expecting:
 &lt;&quot;Laptop14Jul04062418410802494391824818&quot;&gt;
to be equal to:
 &lt;&quot;Laptop12Aug0647539432208378587453747&quot;&gt;
but was not.
	at com.oam.stepdefs.admin.ManageAssignmentSteps.lambda$new$1(ManageAssignmentSteps.java:31)
	at ?.the user should see the assignment in the list(file:src/test/resources/features/CreateNewAssignment.feature:19)
</pre></div></td>
<td>20</td>
<td>com.oam.configuration.CukesTestRunnerParallel@184f6be2</td></tr>
<tr>
<td title='com.oam.configuration.CukesTestRunnerParallel.runScenario()'><b>runScenario</b><br>Test class: com.oam.configuration.CukesTestRunnerParallel<br>Test method: Runs Cucumber Scenarios<br>Parameters: "Return asset - Accept request - State changed to Completed", "Request For Returning"</td>
<td><div><pre>org.openqa.selenium.ElementClickInterceptedException: element click intercepted: Element &lt;button type=&quot;button&quot; class=&quot;ml-1 btn btn-light&quot;&gt;...&lt;/button&gt; is not clickable at point (1195, 691). Other element would receive the click: &lt;div class=&quot;Toastify__toast-container Toastify__toast-container--bottom-right&quot;&gt;...&lt;/div&gt;
  (Session info: MicrosoftEdge=104.0.1293.47)
Build info: version: &apos;3.141.59&apos;, revision: &apos;e82be7d358&apos;, time: &apos;2018-11-14T08:17:03&apos;
System info: host: &apos;DESKTOP-V1F92J5&apos;, ip: &apos;192.168.1.7&apos;, os.name: &apos;Windows 10&apos;, os.arch: &apos;amd64&apos;, os.version: &apos;10.0&apos;, java.version: &apos;1.8.0_333&apos;
Driver info: org.openqa.selenium.edge.EdgeDriver
Capabilities {acceptInsecureCerts: true, browserName: msedge, browserVersion: 104.0.1293.47, javascriptEnabled: true, ms:edgeOptions: {debuggerAddress: localhost:61371}, msedge: {msedgedriverVersion: 104.0.1293.54 (cf00dc8720d8..., userDataDir: C:\Users\haryk\AppData\Loca...}, networkConnectionEnabled: false, pageLoadStrategy: normal, platform: WINDOWS, platformName: WINDOWS, proxy: Proxy(), setWindowRect: true, strictFileInteractability: false, timeouts: {implicit: 0, pageLoad: 300000, script: 30000}, unhandledPromptBehavior: dismiss and notify, webauthn:extension:credBlob: true, webauthn:extension:largeBlob: true, webauthn:virtualAuthenticators: true}
Session ID: 9cd6db699e3c51cd0c5df3c8ea926061
	at org.openqa.selenium.remote.http.W3CHttpResponseCodec.createException(W3CHttpResponseCodec.java:187)
	at org.openqa.selenium.remote.http.W3CHttpResponseCodec.decode(W3CHttpResponseCodec.java:122)
	at org.openqa.selenium.remote.http.W3CHttpResponseCodec.decode(W3CHttpResponseCodec.java:49)
	at org.openqa.selenium.remote.HttpCommandExecutor.execute(HttpCommandExecutor.java:158)
	at org.openqa.selenium.remote.service.DriverCommandExecutor.execute(DriverCommandExecutor.java:83)
	at org.openqa.selenium.remote.RemoteWebDriver.execute(RemoteWebDriver.java:552)
	at org.openqa.selenium.remote.RemoteWebElement.execute(RemoteWebElement.java:285)
	at org.openqa.selenium.remote.RemoteWebElement.click(RemoteWebElement.java:84)
	at com.oam.pages.BasePage.clickElement(BasePage.java:54)
	at com.oam.pages.BasePage.clickElement(BasePage.java:45)
	at com.oam.pages.BasePage.clickElement(BasePage.java:33)
	at com.oam.pages.shared.HomePage.clickAssetBtn(HomePage.java:23)
	at com.oam.stepdefs.shared.HomeSteps.lambda$new$0(HomeSteps.java:19)
	at ?.the user clicks the &quot;accept&quot; button(file:src/test/resources/features/RequestForReturning.feature:24)
... Removed 4 stack frames</pre></div><a href='#' onClick='toggleBox("stack-trace2038617178", this, "Click to show all stack frames", "Click to hide stack frames")'>Click to show all stack frames</a>
<div class='stack-trace' id='stack-trace2038617178'><pre>org.openqa.selenium.ElementClickInterceptedException: element click intercepted: Element &lt;button type=&quot;button&quot; class=&quot;ml-1 btn btn-light&quot;&gt;...&lt;/button&gt; is not clickable at point (1195, 691). Other element would receive the click: &lt;div class=&quot;Toastify__toast-container Toastify__toast-container--bottom-right&quot;&gt;...&lt;/div&gt;
  (Session info: MicrosoftEdge=104.0.1293.47)
Build info: version: &apos;3.141.59&apos;, revision: &apos;e82be7d358&apos;, time: &apos;2018-11-14T08:17:03&apos;
System info: host: &apos;DESKTOP-V1F92J5&apos;, ip: &apos;192.168.1.7&apos;, os.name: &apos;Windows 10&apos;, os.arch: &apos;amd64&apos;, os.version: &apos;10.0&apos;, java.version: &apos;1.8.0_333&apos;
Driver info: org.openqa.selenium.edge.EdgeDriver
Capabilities {acceptInsecureCerts: true, browserName: msedge, browserVersion: 104.0.1293.47, javascriptEnabled: true, ms:edgeOptions: {debuggerAddress: localhost:61371}, msedge: {msedgedriverVersion: 104.0.1293.54 (cf00dc8720d8..., userDataDir: C:\Users\haryk\AppData\Loca...}, networkConnectionEnabled: false, pageLoadStrategy: normal, platform: WINDOWS, platformName: WINDOWS, proxy: Proxy(), setWindowRect: true, strictFileInteractability: false, timeouts: {implicit: 0, pageLoad: 300000, script: 30000}, unhandledPromptBehavior: dismiss and notify, webauthn:extension:credBlob: true, webauthn:extension:largeBlob: true, webauthn:virtualAuthenticators: true}
Session ID: 9cd6db699e3c51cd0c5df3c8ea926061
	at sun.reflect.NativeConstructorAccessorImpl.newInstance0(Native Method)
	at sun.reflect.NativeConstructorAccessorImpl.newInstance(NativeConstructorAccessorImpl.java:62)
	at sun.reflect.DelegatingConstructorAccessorImpl.newInstance(DelegatingConstructorAccessorImpl.java:45)
	at java.lang.reflect.Constructor.newInstance(Constructor.java:423)
	at org.openqa.selenium.remote.http.W3CHttpResponseCodec.createException(W3CHttpResponseCodec.java:187)
	at org.openqa.selenium.remote.http.W3CHttpResponseCodec.decode(W3CHttpResponseCodec.java:122)
	at org.openqa.selenium.remote.http.W3CHttpResponseCodec.decode(W3CHttpResponseCodec.java:49)
	at org.openqa.selenium.remote.HttpCommandExecutor.execute(HttpCommandExecutor.java:158)
	at org.openqa.selenium.remote.service.DriverCommandExecutor.execute(DriverCommandExecutor.java:83)
	at org.openqa.selenium.remote.RemoteWebDriver.execute(RemoteWebDriver.java:552)
	at org.openqa.selenium.remote.RemoteWebElement.execute(RemoteWebElement.java:285)
	at org.openqa.selenium.remote.RemoteWebElement.click(RemoteWebElement.java:84)
	at com.oam.pages.BasePage.clickElement(BasePage.java:54)
	at com.oam.pages.BasePage.clickElement(BasePage.java:45)
	at com.oam.pages.BasePage.clickElement(BasePage.java:33)
	at com.oam.pages.shared.HomePage.clickAssetBtn(HomePage.java:23)
	at com.oam.stepdefs.shared.HomeSteps.lambda$new$0(HomeSteps.java:19)
	at ?.the user clicks the &quot;accept&quot; button(file:src/test/resources/features/RequestForReturning.feature:24)
</pre></div></td>
<td>25</td>
<td>com.oam.configuration.CukesTestRunnerParallel@184f6be2</td></tr>
<tr>
<td title='com.oam.configuration.CukesTestRunnerParallel.runScenario()'><b>runScenario</b><br>Test class: com.oam.configuration.CukesTestRunnerParallel<br>Test method: Runs Cucumber Scenarios<br>Parameters: "Return asset - Deny request - Request is removed from the list", "Request For Returning"</td>
<td><div><pre>org.openqa.selenium.ElementClickInterceptedException: element click intercepted: Element &lt;button type=&quot;button&quot; class=&quot;ml-1 btn btn-light&quot;&gt;...&lt;/button&gt; is not clickable at point (1195, 691). Other element would receive the click: &lt;div class=&quot;Toastify__toast-container Toastify__toast-container--bottom-right&quot;&gt;...&lt;/div&gt;
  (Session info: MicrosoftEdge=104.0.1293.47)
Build info: version: &apos;3.141.59&apos;, revision: &apos;e82be7d358&apos;, time: &apos;2018-11-14T08:17:03&apos;
System info: host: &apos;DESKTOP-V1F92J5&apos;, ip: &apos;192.168.1.7&apos;, os.name: &apos;Windows 10&apos;, os.arch: &apos;amd64&apos;, os.version: &apos;10.0&apos;, java.version: &apos;1.8.0_333&apos;
Driver info: org.openqa.selenium.edge.EdgeDriver
Capabilities {acceptInsecureCerts: true, browserName: msedge, browserVersion: 104.0.1293.47, javascriptEnabled: true, ms:edgeOptions: {debuggerAddress: localhost:61444}, msedge: {msedgedriverVersion: 104.0.1293.54 (cf00dc8720d8..., userDataDir: C:\Users\haryk\AppData\Loca...}, networkConnectionEnabled: false, pageLoadStrategy: normal, platform: WINDOWS, platformName: WINDOWS, proxy: Proxy(), setWindowRect: true, strictFileInteractability: false, timeouts: {implicit: 0, pageLoad: 300000, script: 30000}, unhandledPromptBehavior: dismiss and notify, webauthn:extension:credBlob: true, webauthn:extension:largeBlob: true, webauthn:virtualAuthenticators: true}
Session ID: 803c61476daf08c7c60ddfafefe60dc3
	at org.openqa.selenium.remote.http.W3CHttpResponseCodec.createException(W3CHttpResponseCodec.java:187)
	at org.openqa.selenium.remote.http.W3CHttpResponseCodec.decode(W3CHttpResponseCodec.java:122)
	at org.openqa.selenium.remote.http.W3CHttpResponseCodec.decode(W3CHttpResponseCodec.java:49)
	at org.openqa.selenium.remote.HttpCommandExecutor.execute(HttpCommandExecutor.java:158)
	at org.openqa.selenium.remote.service.DriverCommandExecutor.execute(DriverCommandExecutor.java:83)
	at org.openqa.selenium.remote.RemoteWebDriver.execute(RemoteWebDriver.java:552)
	at org.openqa.selenium.remote.RemoteWebElement.execute(RemoteWebElement.java:285)
	at org.openqa.selenium.remote.RemoteWebElement.click(RemoteWebElement.java:84)
	at com.oam.pages.BasePage.clickElement(BasePage.java:54)
	at com.oam.pages.BasePage.clickElement(BasePage.java:45)
	at com.oam.pages.BasePage.clickElement(BasePage.java:33)
	at com.oam.pages.shared.HomePage.clickAssetBtn(HomePage.java:23)
	at com.oam.stepdefs.shared.HomeSteps.lambda$new$0(HomeSteps.java:19)
	at ?.the user clicks the &quot;accept&quot; button(file:src/test/resources/features/RequestForReturning.feature:58)
... Removed 4 stack frames</pre></div><a href='#' onClick='toggleBox("stack-trace757633170", this, "Click to show all stack frames", "Click to hide stack frames")'>Click to show all stack frames</a>
<div class='stack-trace' id='stack-trace757633170'><pre>org.openqa.selenium.ElementClickInterceptedException: element click intercepted: Element &lt;button type=&quot;button&quot; class=&quot;ml-1 btn btn-light&quot;&gt;...&lt;/button&gt; is not clickable at point (1195, 691). Other element would receive the click: &lt;div class=&quot;Toastify__toast-container Toastify__toast-container--bottom-right&quot;&gt;...&lt;/div&gt;
  (Session info: MicrosoftEdge=104.0.1293.47)
Build info: version: &apos;3.141.59&apos;, revision: &apos;e82be7d358&apos;, time: &apos;2018-11-14T08:17:03&apos;
System info: host: &apos;DESKTOP-V1F92J5&apos;, ip: &apos;192.168.1.7&apos;, os.name: &apos;Windows 10&apos;, os.arch: &apos;amd64&apos;, os.version: &apos;10.0&apos;, java.version: &apos;1.8.0_333&apos;
Driver info: org.openqa.selenium.edge.EdgeDriver
Capabilities {acceptInsecureCerts: true, browserName: msedge, browserVersion: 104.0.1293.47, javascriptEnabled: true, ms:edgeOptions: {debuggerAddress: localhost:61444}, msedge: {msedgedriverVersion: 104.0.1293.54 (cf00dc8720d8..., userDataDir: C:\Users\haryk\AppData\Loca...}, networkConnectionEnabled: false, pageLoadStrategy: normal, platform: WINDOWS, platformName: WINDOWS, proxy: Proxy(), setWindowRect: true, strictFileInteractability: false, timeouts: {implicit: 0, pageLoad: 300000, script: 30000}, unhandledPromptBehavior: dismiss and notify, webauthn:extension:credBlob: true, webauthn:extension:largeBlob: true, webauthn:virtualAuthenticators: true}
Session ID: 803c61476daf08c7c60ddfafefe60dc3
	at sun.reflect.NativeConstructorAccessorImpl.newInstance0(Native Method)
	at sun.reflect.NativeConstructorAccessorImpl.newInstance(NativeConstructorAccessorImpl.java:62)
	at sun.reflect.DelegatingConstructorAccessorImpl.newInstance(DelegatingConstructorAccessorImpl.java:45)
	at java.lang.reflect.Constructor.newInstance(Constructor.java:423)
	at org.openqa.selenium.remote.http.W3CHttpResponseCodec.createException(W3CHttpResponseCodec.java:187)
	at org.openqa.selenium.remote.http.W3CHttpResponseCodec.decode(W3CHttpResponseCodec.java:122)
	at org.openqa.selenium.remote.http.W3CHttpResponseCodec.decode(W3CHttpResponseCodec.java:49)
	at org.openqa.selenium.remote.HttpCommandExecutor.execute(HttpCommandExecutor.java:158)
	at org.openqa.selenium.remote.service.DriverCommandExecutor.execute(DriverCommandExecutor.java:83)
	at org.openqa.selenium.remote.RemoteWebDriver.execute(RemoteWebDriver.java:552)
	at org.openqa.selenium.remote.RemoteWebElement.execute(RemoteWebElement.java:285)
	at org.openqa.selenium.remote.RemoteWebElement.click(RemoteWebElement.java:84)
	at com.oam.pages.BasePage.clickElement(BasePage.java:54)
	at com.oam.pages.BasePage.clickElement(BasePage.java:45)
	at com.oam.pages.BasePage.clickElement(BasePage.java:33)
	at com.oam.pages.shared.HomePage.clickAssetBtn(HomePage.java:23)
	at com.oam.stepdefs.shared.HomeSteps.lambda$new$0(HomeSteps.java:19)
	at ?.the user clicks the &quot;accept&quot; button(file:src/test/resources/features/RequestForReturning.feature:58)
</pre></div></td>
<td>22</td>
<td>com.oam.configuration.CukesTestRunnerParallel@184f6be2</td></tr>
</table><p>
<table width='100%' border='1' class='invocation-passed'>
<tr><td colspan='4' align='center'><b>PASSED TESTS</b></td></tr>
<tr><td><b>Test method</b></td>
<td width="30%"><b>Exception</b></td>
<td width="10%"><b>Time (seconds)</b></td>
<td><b>Instance</b></td>
</tr>
<tr>
<td title='com.oam.configuration.CukesTestRunnerParallel.runScenario()'><b>runScenario</b><br>Test class: com.oam.configuration.CukesTestRunnerParallel<br>Test method: Runs Cucumber Scenarios<br>Parameters: "Create new asset - verify list", "Create new asset"</td>
<td></td>
<td>19</td>
<td>com.oam.configuration.CukesTestRunnerParallel@184f6be2</td></tr>
<tr>
<td title='com.oam.configuration.CukesTestRunnerParallel.runScenario()'><b>runScenario</b><br>Test class: com.oam.configuration.CukesTestRunnerParallel<br>Test method: Runs Cucumber Scenarios<br>Parameters: "Create new asset - verify detail", "Create new asset"</td>
<td></td>
<td>16</td>
<td>com.oam.configuration.CukesTestRunnerParallel@184f6be2</td></tr>
<tr>
<td title='com.oam.configuration.CukesTestRunnerParallel.runScenario()'><b>runScenario</b><br>Test class: com.oam.configuration.CukesTestRunnerParallel<br>Test method: Runs Cucumber Scenarios<br>Parameters: "Login with valid admin account", "Login"</td>
<td></td>
<td>11</td>
<td>com.oam.configuration.CukesTestRunnerParallel@184f6be2</td></tr>
<tr>
<td title='com.oam.configuration.CukesTestRunnerParallel.runScenario()'><b>runScenario</b><br>Test class: com.oam.configuration.CukesTestRunnerParallel<br>Test method: Runs Cucumber Scenarios<br>Parameters: "Login with valid user account", "Login"</td>
<td></td>
<td>11</td>
<td>com.oam.configuration.CukesTestRunnerParallel@184f6be2</td></tr>
<tr>
<td title='com.oam.configuration.CukesTestRunnerParallel.runScenario()'><b>runScenario</b><br>Test class: com.oam.configuration.CukesTestRunnerParallel<br>Test method: Runs Cucumber Scenarios<br>Parameters: "Login with invalid admin account", "Login"</td>
<td></td>
<td>11</td>
<td>com.oam.configuration.CukesTestRunnerParallel@184f6be2</td></tr>
<tr>
<td title='com.oam.configuration.CukesTestRunnerParallel.runScenario()'><b>runScenario</b><br>Test class: com.oam.configuration.CukesTestRunnerParallel<br>Test method: Runs Cucumber Scenarios<br>Parameters: "Logout of admin account", "Login"</td>
<td></td>
<td>10</td>
<td>com.oam.configuration.CukesTestRunnerParallel@184f6be2</td></tr>
<tr>
<td title='com.oam.configuration.CukesTestRunnerParallel.runScenario()'><b>runScenario</b><br>Test class: com.oam.configuration.CukesTestRunnerParallel<br>Test method: Runs Cucumber Scenarios<br>Parameters: "Logout of user account", "Login"</td>
<td></td>
<td>10</td>
<td>com.oam.configuration.CukesTestRunnerParallel@184f6be2</td></tr>
</table><p>
</body>
</html>