<?xml version="1.0" encoding="UTF-8"?>
<!-- Generated by org.testng.reporters.JUnitXMLReporter -->
<testsuite hostname="DESKTOP-V1F92J5" ignored="0" name="Surefire test" tests="10" failures="3" timestamp="2022-08-12T18:49:44 ICT" time="160.323" errors="0">
  <testcase name="runScenario" time="19.193" classname="io.cucumber.testng.AbstractTestNGCucumberTests"/>
  <testcase name="runScenario" time="16.686" classname="io.cucumber.testng.AbstractTestNGCucumberTests"/>
  <testcase name="runScenario" time="20.875" classname="io.cucumber.testng.AbstractTestNGCucumberTests">
    <failure type="java.lang.AssertionError" message="
Expecting:
 &amp;lt;&amp;quot;Laptop14Jul04062418410802494391824818&amp;quot;&amp;gt;
to be equal to:
 &amp;lt;&amp;quot;Laptop12Aug0647539432208378587453747&amp;quot;&amp;gt;
but was not.">
      <![CDATA[java.lang.AssertionError: 
Expecting:
 <"Laptop14Jul04062418410802494391824818">
to be equal to:
 <"Laptop12Aug0647539432208378587453747">
but was not.
at com.oam.stepdefs.admin.ManageAssignmentSteps.lambda$new$1(ManageAssignmentSteps.java:31)
at ✽.the user should see the assignment in the list(file:src/test/resources/features/CreateNewAssignment.feature:19)
]]>
    </failure>
  </testcase> <!-- runScenario -->
  <testcase name="runScenario" time="11.783" classname="io.cucumber.testng.AbstractTestNGCucumberTests"/>
  <testcase name="runScenario" time="11.747" classname="io.cucumber.testng.AbstractTestNGCucumberTests"/>
  <testcase name="runScenario" time="11.799" classname="io.cucumber.testng.AbstractTestNGCucumberTests"/>
  <testcase name="runScenario" time="10.146" classname="io.cucumber.testng.AbstractTestNGCucumberTests"/>
  <testcase name="runScenario" time="10.139" classname="io.cucumber.testng.AbstractTestNGCucumberTests"/>
  <testcase name="runScenario" time="25.395" classname="io.cucumber.testng.AbstractTestNGCucumberTests">
    <failure type="org.openqa.selenium.ElementClickInterceptedException" message="element click intercepted: Element &amp;lt;button type=&amp;quot;button&amp;quot; class=&amp;quot;ml-1 btn btn-light&amp;quot;&amp;gt;...&amp;lt;/button&amp;gt; is not clickable at point (1195, 691). Other element would receive the click: &amp;lt;div class=&amp;quot;Toastify__toast-container Toastify__toast-container--bottom-right&amp;quot;&amp;gt;...&amp;lt;/div&amp;gt;
  (Session info: MicrosoftEdge=104.0.1293.47)
Build info: version: &amp;apos;3.141.59&amp;apos;, revision: &amp;apos;e82be7d358&amp;apos;, time: &amp;apos;2018-11-14T08:17:03&amp;apos;
System info: host: &amp;apos;DESKTOP-V1F92J5&amp;apos;, ip: &amp;apos;192.168.1.7&amp;apos;, os.name: &amp;apos;Windows 10&amp;apos;, os.arch: &amp;apos;amd64&amp;apos;, os.version: &amp;apos;10.0&amp;apos;, java.version: &amp;apos;1.8.0_333&amp;apos;
Driver info: org.openqa.selenium.edge.EdgeDriver
Capabilities {acceptInsecureCerts: true, browserName: msedge, browserVersion: 104.0.1293.47, javascriptEnabled: true, ms:edgeOptions: {debuggerAddress: localhost:61371}, msedge: {msedgedriverVersion: 104.0.1293.54 (cf00dc8720d8..., userDataDir: C:\Users\haryk\AppData\Loca...}, networkConnectionEnabled: false, pageLoadStrategy: normal, platform: WINDOWS, platformName: WINDOWS, proxy: Proxy(), setWindowRect: true, strictFileInteractability: false, timeouts: {implicit: 0, pageLoad: 300000, script: 30000}, unhandledPromptBehavior: dismiss and notify, webauthn:extension:credBlob: true, webauthn:extension:largeBlob: true, webauthn:virtualAuthenticators: true}
Session ID: 9cd6db699e3c51cd0c5df3c8ea926061">
      <![CDATA[org.openqa.selenium.ElementClickInterceptedException: element click intercepted: Element <button type="button" class="ml-1 btn btn-light">...</button> is not clickable at point (1195, 691). Other element would receive the click: <div class="Toastify__toast-container Toastify__toast-container--bottom-right">...</div>
  (Session info: MicrosoftEdge=104.0.1293.47)
Build info: version: '3.141.59', revision: 'e82be7d358', time: '2018-11-14T08:17:03'
System info: host: 'DESKTOP-V1F92J5', ip: '192.168.1.7', os.name: 'Windows 10', os.arch: 'amd64', os.version: '10.0', java.version: '1.8.0_333'
Driver info: org.openqa.selenium.edge.EdgeDriver
Capabilities {acceptInsecureCerts: true, browserName: msedge, browserVersion: 104.0.1293.47, javascriptEnabled: true, ms:edgeOptions: {debuggerAddress: localhost:61371}, msedge: {msedgedriverVersion: 104.0.1293.54 (cf00dc8720d8..., userDataDir: C:\Users\haryk\AppData\Loca...}, networkConnectionEnabled: false, pageLoadStrategy: normal, platform: WINDOWS, platformName: WINDOWS, proxy: Proxy(), setWindowRect: true, strictFileInteractability: false, timeouts: {implicit: 0, pageLoad: 300000, script: 30000}, unhandledPromptBehavior: dismiss and notify, webauthn:extension:credBlob: true, webauthn:extension:largeBlob: true, webauthn:virtualAuthenticators: true}
Session ID: 9cd6db699e3c51cd0c5df3c8ea926061
at org.openqa.selenium.remote.http.W3CHttpResponseCodec.createException(W3CHttpResponseCodec.java:187)
at org.openqa.selenium.remote.http.W3CHttpResponseCodec.decode(W3CHttpResponseCodec.java:122)
at org.openqa.selenium.remote.http.W3CHttpResponseCodec.decode(W3CHttpResponseCodec.java:49)
at org.openqa.selenium.remote.HttpCommandExecutor.execute(HttpCommandExecutor.java:158)
at org.openqa.selenium.remote.service.DriverCommandExecutor.execute(DriverCommandExecutor.java:83)
at org.openqa.selenium.remote.RemoteWebDriver.execute(RemoteWebDriver.java:552)
at org.openqa.selenium.remote.RemoteWebElement.execute(RemoteWebElement.java:285)
at org.openqa.selenium.remote.RemoteWebElement.click(RemoteWebElement.java:84)
at com.oam.pages.BasePage.clickElement(BasePage.java:54)
at com.oam.pages.BasePage.clickElement(BasePage.java:45)
at com.oam.pages.BasePage.clickElement(BasePage.java:33)
at com.oam.pages.shared.HomePage.clickAssetBtn(HomePage.java:23)
at com.oam.stepdefs.shared.HomeSteps.lambda$new$0(HomeSteps.java:19)
at ✽.the user clicks the "accept" button(file:src/test/resources/features/RequestForReturning.feature:24)
... Removed 4 stack frames]]>
    </failure>
  </testcase> <!-- runScenario -->
  <testcase name="runScenario" time="22.082" classname="io.cucumber.testng.AbstractTestNGCucumberTests">
    <failure type="org.openqa.selenium.ElementClickInterceptedException" message="element click intercepted: Element &amp;lt;button type=&amp;quot;button&amp;quot; class=&amp;quot;ml-1 btn btn-light&amp;quot;&amp;gt;...&amp;lt;/button&amp;gt; is not clickable at point (1195, 691). Other element would receive the click: &amp;lt;div class=&amp;quot;Toastify__toast-container Toastify__toast-container--bottom-right&amp;quot;&amp;gt;...&amp;lt;/div&amp;gt;
  (Session info: MicrosoftEdge=104.0.1293.47)
Build info: version: &amp;apos;3.141.59&amp;apos;, revision: &amp;apos;e82be7d358&amp;apos;, time: &amp;apos;2018-11-14T08:17:03&amp;apos;
System info: host: &amp;apos;DESKTOP-V1F92J5&amp;apos;, ip: &amp;apos;192.168.1.7&amp;apos;, os.name: &amp;apos;Windows 10&amp;apos;, os.arch: &amp;apos;amd64&amp;apos;, os.version: &amp;apos;10.0&amp;apos;, java.version: &amp;apos;1.8.0_333&amp;apos;
Driver info: org.openqa.selenium.edge.EdgeDriver
Capabilities {acceptInsecureCerts: true, browserName: msedge, browserVersion: 104.0.1293.47, javascriptEnabled: true, ms:edgeOptions: {debuggerAddress: localhost:61444}, msedge: {msedgedriverVersion: 104.0.1293.54 (cf00dc8720d8..., userDataDir: C:\Users\haryk\AppData\Loca...}, networkConnectionEnabled: false, pageLoadStrategy: normal, platform: WINDOWS, platformName: WINDOWS, proxy: Proxy(), setWindowRect: true, strictFileInteractability: false, timeouts: {implicit: 0, pageLoad: 300000, script: 30000}, unhandledPromptBehavior: dismiss and notify, webauthn:extension:credBlob: true, webauthn:extension:largeBlob: true, webauthn:virtualAuthenticators: true}
Session ID: 803c61476daf08c7c60ddfafefe60dc3">
      <![CDATA[org.openqa.selenium.ElementClickInterceptedException: element click intercepted: Element <button type="button" class="ml-1 btn btn-light">...</button> is not clickable at point (1195, 691). Other element would receive the click: <div class="Toastify__toast-container Toastify__toast-container--bottom-right">...</div>
  (Session info: MicrosoftEdge=104.0.1293.47)
Build info: version: '3.141.59', revision: 'e82be7d358', time: '2018-11-14T08:17:03'
System info: host: 'DESKTOP-V1F92J5', ip: '192.168.1.7', os.name: 'Windows 10', os.arch: 'amd64', os.version: '10.0', java.version: '1.8.0_333'
Driver info: org.openqa.selenium.edge.EdgeDriver
Capabilities {acceptInsecureCerts: true, browserName: msedge, browserVersion: 104.0.1293.47, javascriptEnabled: true, ms:edgeOptions: {debuggerAddress: localhost:61444}, msedge: {msedgedriverVersion: 104.0.1293.54 (cf00dc8720d8..., userDataDir: C:\Users\haryk\AppData\Loca...}, networkConnectionEnabled: false, pageLoadStrategy: normal, platform: WINDOWS, platformName: WINDOWS, proxy: Proxy(), setWindowRect: true, strictFileInteractability: false, timeouts: {implicit: 0, pageLoad: 300000, script: 30000}, unhandledPromptBehavior: dismiss and notify, webauthn:extension:credBlob: true, webauthn:extension:largeBlob: true, webauthn:virtualAuthenticators: true}
Session ID: 803c61476daf08c7c60ddfafefe60dc3
at org.openqa.selenium.remote.http.W3CHttpResponseCodec.createException(W3CHttpResponseCodec.java:187)
at org.openqa.selenium.remote.http.W3CHttpResponseCodec.decode(W3CHttpResponseCodec.java:122)
at org.openqa.selenium.remote.http.W3CHttpResponseCodec.decode(W3CHttpResponseCodec.java:49)
at org.openqa.selenium.remote.HttpCommandExecutor.execute(HttpCommandExecutor.java:158)
at org.openqa.selenium.remote.service.DriverCommandExecutor.execute(DriverCommandExecutor.java:83)
at org.openqa.selenium.remote.RemoteWebDriver.execute(RemoteWebDriver.java:552)
at org.openqa.selenium.remote.RemoteWebElement.execute(RemoteWebElement.java:285)
at org.openqa.selenium.remote.RemoteWebElement.click(RemoteWebElement.java:84)
at com.oam.pages.BasePage.clickElement(BasePage.java:54)
at com.oam.pages.BasePage.clickElement(BasePage.java:45)
at com.oam.pages.BasePage.clickElement(BasePage.java:33)
at com.oam.pages.shared.HomePage.clickAssetBtn(HomePage.java:23)
at com.oam.stepdefs.shared.HomeSteps.lambda$new$0(HomeSteps.java:19)
at ✽.the user clicks the "accept" button(file:src/test/resources/features/RequestForReturning.feature:58)
... Removed 4 stack frames]]>
    </failure>
  </testcase> <!-- runScenario -->
</testsuite> <!-- Surefire test -->
